TN:
SF:index.js
FN:111,(anonymous_0)
FNF:1
FNH:1
FNDA:1,(anonymous_0)
DA:17,1
DA:19,1
DA:20,1
DA:22,1
DA:23,1
DA:24,1
DA:25,1
DA:26,1
DA:109,1
DA:111,1
DA:112,1
DA:115,1
LF:12
LH:12
BRDA:109,0,0,1
BRDA:109,0,1,1
BRF:2
BRH:2
end_of_record
TN:
SF:middleware\admin.js
FN:1,(anonymous_0)
FNF:1
FNH:0
FNDA:0,(anonymous_0)
DA:1,1
DA:5,0
DA:6,0
LF:3
LH:1
BRDA:5,0,0,0
BRDA:5,0,1,0
BRF:2
BRH:0
end_of_record
TN:
SF:middleware\auth.js
FN:9,(anonymous_0)
FNF:1
FNH:1
FNDA:1,(anonymous_0)
DA:5,1
DA:6,1
DA:9,1
DA:10,1
DA:11,1
DA:13,1
DA:16,1
DA:18,1
DA:19,1
DA:21,0
LF:10
LH:9
BRDA:11,0,0,0
BRDA:11,0,1,1
BRF:2
BRH:1
end_of_record
TN:
SF:middleware\error.js
FN:6,(anonymous_0)
FNF:1
FNH:0
FNDA:0,(anonymous_0)
DA:1,1
DA:6,1
DA:8,0
DA:17,0
LF:4
LH:2
BRF:0
BRH:0
end_of_record
TN:
SF:middleware\validateObjectId.js
FN:3,(anonymous_0)
FNF:1
FNH:0
FNDA:0,(anonymous_0)
DA:1,1
DA:3,1
DA:4,0
DA:5,0
DA:7,0
LF:5
LH:2
BRDA:4,0,0,0
BRDA:4,0,1,0
BRF:2
BRH:0
end_of_record
TN:
SF:models\customer.js
FN:26,validateCustomer
FNF:1
FNH:0
FNDA:0,validateCustomer
DA:1,1
DA:2,1
DA:4,1
DA:27,0
DA:33,0
DA:36,1
DA:37,1
LF:7
LH:5
BRF:0
BRH:0
end_of_record
TN:
SF:models\genre.js
FN:15,validateGenre
FNF:1
FNH:1
FNDA:1,validateGenre
DA:1,1
DA:2,1
DA:4,1
DA:13,1
DA:16,1
DA:20,1
DA:23,1
DA:24,1
DA:25,1
LF:9
LH:9
BRF:0
BRH:0
end_of_record
TN:
SF:models\movie.js
FN:31,validateMovie
FNF:1
FNH:0
FNDA:0,validateMovie
DA:1,1
DA:2,1
DA:3,1
DA:5,1
DA:32,0
DA:39,0
DA:42,1
DA:43,1
LF:8
LH:6
BRF:0
BRH:0
end_of_record
TN:
SF:models\rental.js
FN:61,validateRental
FNF:1
FNH:0
FNDA:0,validateRental
DA:1,1
DA:2,1
DA:4,1
DA:62,0
DA:67,0
DA:70,1
DA:71,1
LF:7
LH:5
BRF:0
BRH:0
end_of_record
TN:
SF:models\user.js
FN:30,(anonymous_0)
FN:41,validateUser
FNF:2
FNH:1
FNDA:1,(anonymous_0)
FNDA:0,validateUser
DA:1,1
DA:2,1
DA:3,1
DA:4,1
DA:6,1
DA:30,1
DA:32,1
DA:36,1
DA:39,1
DA:42,0
DA:48,0
DA:51,1
DA:52,1
LF:13
LH:11
BRF:0
BRH:0
end_of_record
TN:
SF:routes\auth.js
FN:8,(anonymous_0)
FN:29,validate
FNF:2
FNH:0
FNDA:0,(anonymous_0)
FNDA:0,validate
DA:1,1
DA:2,1
DA:3,1
DA:4,1
DA:5,1
DA:6,1
DA:8,1
DA:9,0
DA:10,0
DA:11,0
DA:12,0
DA:14,0
DA:15,0
DA:17,0
DA:26,0
DA:30,0
DA:35,0
DA:38,1
LF:18
LH:8
BRDA:10,0,0,0
BRDA:10,0,1,0
BRDA:12,1,0,0
BRDA:12,1,1,0
BRDA:15,2,0,0
BRDA:15,2,1,0
BRF:6
BRH:0
end_of_record
TN:
SF:routes\customers.js
FN:6,(anonymous_0)
FN:11,(anonymous_1)
FN:25,(anonymous_2)
FN:41,(anonymous_3)
FN:49,(anonymous_4)
FNF:5
FNH:0
FNDA:0,(anonymous_0)
FNDA:0,(anonymous_1)
FNDA:0,(anonymous_2)
FNDA:0,(anonymous_3)
FNDA:0,(anonymous_4)
DA:1,1
DA:2,1
DA:3,1
DA:4,1
DA:6,1
DA:7,0
DA:8,0
DA:11,1
DA:12,0
DA:13,0
DA:15,0
DA:20,0
DA:22,0
DA:25,1
DA:26,0
DA:27,0
DA:29,0
DA:36,0
DA:38,0
DA:41,1
DA:42,0
DA:44,0
DA:46,0
DA:49,1
DA:50,0
DA:52,0
DA:54,0
DA:57,1
LF:28
LH:10
BRDA:13,0,0,0
BRDA:13,0,1,0
BRDA:27,1,0,0
BRDA:27,1,1,0
BRDA:36,2,0,0
BRDA:36,2,1,0
BRDA:44,3,0,0
BRDA:44,3,1,0
BRDA:52,4,0,0
BRDA:52,4,1,0
BRF:10
BRH:0
end_of_record
TN:
SF:routes\genres.js
FN:28,(anonymous_0)
FN:34,(anonymous_1)
FN:51,(anonymous_2)
FN:71,(anonymous_3)
FN:80,(anonymous_4)
FNF:5
FNH:1
FNDA:0,(anonymous_0)
FNDA:1,(anonymous_1)
FNDA:0,(anonymous_2)
FNDA:0,(anonymous_3)
FNDA:0,(anonymous_4)
DA:2,1
DA:3,1
DA:4,1
DA:5,1
DA:6,1
DA:7,1
DA:8,1
DA:28,1
DA:29,0
DA:30,0
DA:34,1
DA:42,1
DA:43,1
DA:45,1
DA:46,1
DA:48,0
DA:51,1
DA:52,0
DA:53,0
DA:55,0
DA:63,0
DA:64,0
DA:66,0
DA:71,1
DA:72,0
DA:74,0
DA:75,0
DA:77,0
DA:80,1
DA:81,0
DA:83,0
DA:84,0
DA:86,0
DA:89,1
LF:34
LH:17
BRDA:43,0,0,0
BRDA:43,0,1,1
BRDA:53,1,0,0
BRDA:53,1,1,0
BRDA:63,2,0,0
BRDA:63,2,1,0
BRDA:74,3,0,0
BRDA:74,3,1,0
BRDA:83,4,0,0
BRDA:83,4,1,0
BRF:10
BRH:1
end_of_record
TN:
SF:routes\movies.js
FN:6,(anonymous_0)
FN:11,(anonymous_1)
FN:32,(anonymous_2)
FN:59,(anonymous_3)
FN:68,(anonymous_4)
FNF:5
FNH:0
FNDA:0,(anonymous_0)
FNDA:0,(anonymous_1)
FNDA:0,(anonymous_2)
FNDA:0,(anonymous_3)
FNDA:0,(anonymous_4)
DA:1,1
DA:2,1
DA:3,1
DA:4,1
DA:6,1
DA:7,0
DA:8,0
DA:11,1
DA:12,0
DA:13,0
DA:15,0
DA:16,0
DA:18,0
DA:27,0
DA:29,0
DA:32,1
DA:33,0
DA:34,0
DA:36,0
DA:37,0
DA:39,0
DA:53,0
DA:54,0
DA:56,0
DA:59,1
DA:60,0
DA:62,0
DA:63,0
DA:65,0
DA:68,1
DA:69,0
DA:71,0
DA:72,0
DA:74,0
DA:77,1
LF:35
LH:10
BRDA:13,0,0,0
BRDA:13,0,1,0
BRDA:16,1,0,0
BRDA:16,1,1,0
BRDA:34,2,0,0
BRDA:34,2,1,0
BRDA:37,3,0,0
BRDA:37,3,1,0
BRDA:53,4,0,0
BRDA:53,4,1,0
BRDA:62,5,0,0
BRDA:62,5,1,0
BRDA:71,6,0,0
BRDA:71,6,1,0
BRF:14
BRH:0
end_of_record
TN:
SF:routes\rentals.js
FN:11,(anonymous_0)
FN:16,(anonymous_1)
FN:56,(anonymous_2)
FNF:3
FNH:0
FNDA:0,(anonymous_0)
FNDA:0,(anonymous_1)
FNDA:0,(anonymous_2)
DA:1,1
DA:2,1
DA:3,1
DA:4,1
DA:5,1
DA:6,1
DA:7,1
DA:9,1
DA:11,1
DA:12,0
DA:13,0
DA:16,1
DA:17,0
DA:18,0
DA:20,0
DA:21,0
DA:23,0
DA:24,0
DA:26,0
DA:28,0
DA:41,0
DA:42,0
DA:49,0
DA:52,0
DA:56,1
DA:57,0
DA:59,0
DA:61,0
DA:64,1
LF:29
LH:12
BRDA:18,0,0,0
BRDA:18,0,1,0
BRDA:21,1,0,0
BRDA:21,1,1,0
BRDA:24,2,0,0
BRDA:24,2,1,0
BRDA:26,3,0,0
BRDA:26,3,1,0
BRDA:59,4,0,0
BRDA:59,4,1,0
BRF:10
BRH:0
end_of_record
TN:
SF:routes\users.js
FN:10,(anonymous_0)
FN:15,(anonymous_1)
FNF:2
FNH:0
FNDA:0,(anonymous_0)
FNDA:0,(anonymous_1)
DA:2,1
DA:3,1
DA:4,1
DA:5,1
DA:6,1
DA:7,1
DA:10,1
DA:11,0
DA:12,0
DA:15,1
DA:16,0
DA:17,0
DA:19,0
DA:21,0
DA:23,0
DA:24,0
DA:26,0
DA:27,0
DA:37,0
DA:39,0
DA:45,0
DA:49,0
DA:60,1
LF:23
LH:9
BRDA:17,0,0,0
BRDA:17,0,1,0
BRDA:21,1,0,0
BRDA:21,1,1,0
BRF:4
BRH:0
end_of_record
TN:
SF:startup\config.js
FN:3,(anonymous_0)
FNF:1
FNH:1
FNDA:1,(anonymous_0)
DA:1,1
DA:3,1
DA:4,1
DA:5,0
LF:4
LH:3
BRDA:4,0,0,0
BRDA:4,0,1,1
BRF:2
BRH:1
end_of_record
TN:
SF:startup\db.js
FN:5,(anonymous_0)
FN:9,(anonymous_1)
FNF:2
FNH:1
FNDA:1,(anonymous_0)
FNDA:0,(anonymous_1)
DA:1,1
DA:2,1
DA:3,1
DA:5,1
DA:6,1
DA:7,1
DA:9,0
LF:7
LH:6
BRF:0
BRH:0
end_of_record
TN:
SF:startup\logging.js
FN:5,(anonymous_0)
FN:34,(anonymous_1)
FNF:2
FNH:2
FNDA:1,(anonymous_0)
FNDA:1,(anonymous_1)
DA:1,1
DA:3,1
DA:5,1
DA:28,1
DA:34,1
DA:43,1
DA:59,1
LF:7
LH:7
BRF:0
BRH:0
end_of_record
TN:
SF:startup\routes.js
FN:12,(anonymous_0)
FNF:1
FNH:1
FNDA:1,(anonymous_0)
DA:3,1
DA:4,1
DA:5,1
DA:6,1
DA:7,1
DA:8,1
DA:9,1
DA:10,1
DA:12,1
DA:13,1
DA:14,1
DA:15,1
DA:16,1
DA:17,1
DA:18,1
DA:19,1
DA:20,1
LF:17
LH:17
BRF:0
BRH:0
end_of_record
TN:
SF:startup\validation.js
FN:3,(anonymous_0)
FNF:1
FNH:1
FNDA:1,(anonymous_0)
DA:1,1
DA:3,1
DA:4,1
LF:3
LH:3
BRF:0
BRH:0
end_of_record
